生成启动时间为 2020/2/8 23:49:25。
     1>项目“D:\课堂代码\BinaryTree\BinaryTree\BinaryTree.vcxproj”在节点 2 上(Build 个目标)。
     1>ClCompile:
         D:\vs2013\VC\bin\CL.exe /c /ZI /nologo /W3 /WX- /sdl /Od /Oy- /D WIN32 /D _DEBUG /D _CONSOLE /D _LIB /D _UNICODE /D UNICODE /Gm /EHsc /RTC1 /MDd /GS /fp:precise /Zc:wchar_t /Zc:forScope /Fo"Debug\\" /Fd"Debug\vc120.pdb" /Gd /TC /analyze- /errorReport:prompt binarytree.c
         binarytree.c
     1>d:\课堂代码\binarytree\binarytree\binarytree.c(26): warning C4098: “BinaryTreeDestory”:“void”函数返回值
     1>d:\课堂代码\binarytree\binarytree\binarytree.c(27): warning C4047: “函数”:“BTNode **”与“BinaryTreeNode *”的间接级别不同
     1>d:\课堂代码\binarytree\binarytree\binarytree.c(27): warning C4024: “BinaryTreeDestory”: 形参和实参 1 的类型不同
     1>d:\课堂代码\binarytree\binarytree\binarytree.c(28): warning C4047: “函数”:“BTNode **”与“BinaryTreeNode *”的间接级别不同
     1>d:\课堂代码\binarytree\binarytree\binarytree.c(28): warning C4024: “BinaryTreeDestory”: 形参和实参 1 的类型不同
     1>d:\课堂代码\binarytree\binarytree\binarytree.c(168): warning C4047: “函数”:“QuDataType”与“BTNode *”的间接级别不同
     1>d:\课堂代码\binarytree\binarytree\binarytree.c(168): warning C4024: “QueuePush”: 形参和实参 2 的类型不同
     1>d:\课堂代码\binarytree\binarytree\binarytree.c(172): warning C4047: “=”:“BTNode *”与“QuDataType”的间接级别不同
     1>d:\课堂代码\binarytree\binarytree\binarytree.c(176): warning C4047: “函数”:“QuDataType”与“BinaryTreeNode *”的间接级别不同
     1>d:\课堂代码\binarytree\binarytree\binarytree.c(176): warning C4024: “QueuePush”: 形参和实参 2 的类型不同
     1>d:\课堂代码\binarytree\binarytree\binarytree.c(178): warning C4047: “函数”:“QuDataType”与“BinaryTreeNode *”的间接级别不同
     1>d:\课堂代码\binarytree\binarytree\binarytree.c(178): warning C4024: “QueuePush”: 形参和实参 2 的类型不同
     1>d:\课堂代码\binarytree\binarytree\binarytree.c(213): warning C4047: “函数”:“QuDataType”与“BTNode *”的间接级别不同
     1>d:\课堂代码\binarytree\binarytree\binarytree.c(213): warning C4024: “QueuePush”: 形参和实参 2 的类型不同
     1>d:\课堂代码\binarytree\binarytree\binarytree.c(218): warning C4047: “=”:“BTNode *”与“QuDataType”的间接级别不同
     1>d:\课堂代码\binarytree\binarytree\binarytree.c(221): warning C4047: “函数”:“QuDataType”与“BinaryTreeNode *”的间接级别不同
     1>d:\课堂代码\binarytree\binarytree\binarytree.c(221): warning C4024: “QueuePush”: 形参和实参 2 的类型不同
     1>d:\课堂代码\binarytree\binarytree\binarytree.c(222): warning C4047: “函数”:“QuDataType”与“BinaryTreeNode *”的间接级别不同
     1>d:\课堂代码\binarytree\binarytree\binarytree.c(222): warning C4024: “QueuePush”: 形参和实参 2 的类型不同
     1>d:\课堂代码\binarytree\binarytree\binarytree.c(230): warning C4047: “函数”:“QuDataType”与“BinaryTreeNode *”的间接级别不同
     1>d:\课堂代码\binarytree\binarytree\binarytree.c(230): warning C4024: “QueuePush”: 形参和实参 2 的类型不同
       Link:
         D:\vs2013\VC\bin\link.exe /ERRORREPORT:PROMPT /OUT:"D:\课堂代码\BinaryTree\Debug\BinaryTree.exe" /INCREMENTAL /NOLOGO kernel32.lib user32.lib gdi32.lib winspool.lib comdlg32.lib advapi32.lib shell32.lib ole32.lib oleaut32.lib uuid.lib odbc32.lib odbccp32.lib /MANIFEST /MANIFESTUAC:"level='asInvoker' uiAccess='false'" /manifest:embed /DEBUG /PDB:"D:\课堂代码\BinaryTree\Debug\BinaryTree.pdb" /SUBSYSTEM:CONSOLE /TLBID:1 /DYNAMICBASE /NXCOMPAT /IMPLIB:"D:\课堂代码\BinaryTree\Debug\BinaryTree.lib" /MACHINE:X86 Debug\binarytree.obj
         Debug\Queue.obj
         Debug\test.obj
     1>binarytree.obj : error LNK2019: 无法解析的外部符号 _QueueDestroy，该符号在函数 _BinaryTreeComplete 中被引用
     1>D:\课堂代码\BinaryTree\Debug\BinaryTree.exe : fatal error LNK1120: 1 个无法解析的外部命令
     1>已完成生成项目“D:\课堂代码\BinaryTree\BinaryTree\BinaryTree.vcxproj”(Build 个目标)的操作 - 失败。

生成失败。

已用时间 00:00:01.20
